[20:37:54] [ServerMain/INFO]: Environment: authHost='https://authserver.mojang.com', accountsHost='https://api.mojang.com', sessionHost='https://sessionserver.mojang.com', servicesHost='https://api.minecraftservices.com', name='PROD'
[20:37:56] [ServerMain/INFO]: Loaded 7 recipes
[20:37:57] [Server thread/INFO]: Starting minecraft server version 1.20.1
[20:37:57] [Server thread/INFO]: Loading properties
[20:37:57] [Server thread/INFO]: This server is running Paper version git-Paper-196 (MC: 1.20.1) (Implementing API version 1.20.1-R0.1-SNAPSHOT) (Git: 773dd72)
[20:37:58] [Server thread/INFO]: Server Ping Player Sample Count: 12
[20:37:58] [Server thread/INFO]: Using 4 threads for Netty based IO
[20:37:58] [Server thread/WARN]: [!] The timings profiler has been enabled but has been scheduled for removal from Paper in the future.
    We recommend installing the spark profiler as a replacement: https://spark.lucko.me/
    For more information please visit: https://github.com/PaperMC/Paper/issues/8948
[20:37:58] [Server thread/INFO]: [ChunkTaskScheduler] Chunk system is using 1 I/O threads, 2 worker threads, and gen parallelism of 2 threads
[20:37:58] [Server thread/INFO]: Default game type: SURVIVAL
[20:37:58] [Server thread/INFO]: Generating keypair
[20:37:58] [Server thread/INFO]: Starting Minecraft server on *:25565
[20:37:58] [Server thread/INFO]: Using default channel type
[20:37:58] [Server thread/INFO]: Paper: Using Java compression from Velocity.
[20:37:58] [Server thread/INFO]: Paper: Using Java cipher from Velocity.
[20:37:58] [Server thread/WARN]: [org.bukkit.craftbukkit.v1_20_R1.legacy.CraftLegacy] Initializing Legacy Material Support. Unless you have legacy plugins and/or data this is a bug!
[20:38:02] [Server thread/WARN]: Legacy plugin ColorStatus v0.1.1 does not specify an api-version.
[20:38:02] [Server thread/INFO]: [SpigotLibraryLoader] [ColorStatus] Loading 4 libraries... please wait
[20:38:02] [Server thread/INFO]: [SpigotLibraryLoader] [ColorStatus] Loaded library C:\Users\jespe\Desktop\Code\ColorStatus\run\libraries\de\miraculixx\kpaper\1.1.0\kpaper-1.1.0.jar
[20:38:02] [Server thread/INFO]: [SpigotLibraryLoader] [ColorStatus] Loaded library C:\Users\jespe\Desktop\Code\ColorStatus\run\libraries\org\jetbrains\kotlinx\kotlinx-serialization-json-jvm\1.5.0\kotlinx-serialization-json-jvm-1.5.0.jar
[20:38:02] [Server thread/INFO]: [SpigotLibraryLoader] [ColorStatus] Loaded library C:\Users\jespe\Desktop\Code\ColorStatus\run\libraries\org\jetbrains\kotlin\kotlin-stdlib\1.8.10\kotlin-stdlib-1.8.10.jar
[20:38:02] [Server thread/INFO]: [SpigotLibraryLoader] [ColorStatus] Loaded library C:\Users\jespe\Desktop\Code\ColorStatus\run\libraries\org\jetbrains\kotlin\kotlin-stdlib-common\1.8.10\kotlin-stdlib-common-1.8.10.jar
[20:38:02] [Server thread/INFO]: [SpigotLibraryLoader] [ColorStatus] Loaded library C:\Users\jespe\Desktop\Code\ColorStatus\run\libraries\org\jetbrains\kotlinx\kotlinx-serialization-core-jvm\1.5.0\kotlinx-serialization-core-jvm-1.5.0.jar
[20:38:02] [Server thread/INFO]: [SpigotLibraryLoader] [ColorStatus] Loaded library C:\Users\jespe\Desktop\Code\ColorStatus\run\libraries\org\jetbrains\kotlinx\kotlinx-coroutines-core-jvm\1.6.4\kotlinx-coroutines-core-jvm-1.6.4.jar
[20:38:02] [Server thread/INFO]: [SpigotLibraryLoader] [ColorStatus] Loaded library C:\Users\jespe\Desktop\Code\ColorStatus\run\libraries\org\jetbrains\kotlinx\kotlinx-coroutines-jdk8\1.6.4\kotlinx-coroutines-jdk8-1.6.4.jar
[20:38:02] [Server thread/INFO]: [SpigotLibraryLoader] [ColorStatus] Loaded library C:\Users\jespe\Desktop\Code\ColorStatus\run\libraries\org\jetbrains\kotlin\kotlin-stdlib-jdk8\1.8.20\kotlin-stdlib-jdk8-1.8.20.jar
[20:38:02] [Server thread/INFO]: [SpigotLibraryLoader] [ColorStatus] Loaded library C:\Users\jespe\Desktop\Code\ColorStatus\run\libraries\org\jetbrains\kotlin\kotlin-stdlib-jdk7\1.8.20\kotlin-stdlib-jdk7-1.8.20.jar
[20:38:02] [Server thread/INFO]: [SpigotLibraryLoader] [ColorStatus] Loaded library C:\Users\jespe\Desktop\Code\ColorStatus\run\libraries\dev\jorel\commandapi-bukkit-shade\9.1.0\commandapi-bukkit-shade-9.1.0.jar
[20:38:02] [Server thread/INFO]: [SpigotLibraryLoader] [ColorStatus] Loaded library C:\Users\jespe\Desktop\Code\ColorStatus\run\libraries\dev\jorel\commandapi-bukkit-kotlin\9.1.0\commandapi-bukkit-kotlin-9.1.0.jar
[20:38:02] [Server thread/INFO]: [SpigotLibraryLoader] [ColorStatus] Loaded library C:\Users\jespe\Desktop\Code\ColorStatus\run\libraries\net\kyori\adventure-text-minimessage\4.14.0\adventure-text-minimessage-4.14.0.jar
[20:38:02] [Server thread/INFO]: [SpigotLibraryLoader] [ColorStatus] Loaded library C:\Users\jespe\Desktop\Code\ColorStatus\run\libraries\net\kyori\adventure-api\4.14.0\adventure-api-4.14.0.jar
[20:38:02] [Server thread/INFO]: [SpigotLibraryLoader] [ColorStatus] Loaded library C:\Users\jespe\Desktop\Code\ColorStatus\run\libraries\net\kyori\adventure-key\4.14.0\adventure-key-4.14.0.jar
[20:38:02] [Server thread/INFO]: [SpigotLibraryLoader] [ColorStatus] Loaded library C:\Users\jespe\Desktop\Code\ColorStatus\run\libraries\net\kyori\examination-api\1.3.0\examination-api-1.3.0.jar
[20:38:02] [Server thread/INFO]: [SpigotLibraryLoader] [ColorStatus] Loaded library C:\Users\jespe\Desktop\Code\ColorStatus\run\libraries\net\kyori\examination-string\1.3.0\examination-string-1.3.0.jar
[20:38:02] [Server thread/INFO]: [SpigotLibraryLoader] [ColorStatus] Loaded library C:\Users\jespe\Desktop\Code\ColorStatus\run\libraries\org\jetbrains\annotations\24.0.1\annotations-24.0.1.jar
[20:38:02] [Server thread/INFO]: [ColorStatus] Loading server plugin ColorStatus v0.1.1
[20:38:02] [Server thread/INFO]: [ColorStatus] Load ColorStatus
[20:38:02] [Server thread/INFO]: Server permissions file permissions.yml is empty, ignoring it
[20:38:02] [Server thread/INFO]: Preparing level "world"
[20:38:03] [Server thread/INFO]: Preparing start region for dimension minecraft:overworld
[20:38:03] [Server thread/INFO]: Time elapsed: 235 ms
[20:38:03] [Server thread/INFO]: Preparing start region for dimension minecraft:the_nether
[20:38:03] [Server thread/INFO]: Time elapsed: 37 ms
[20:38:03] [Server thread/INFO]: Preparing start region for dimension minecraft:the_end
[20:38:03] [Server thread/INFO]: Time elapsed: 31 ms
[20:38:03] [Server thread/INFO]: [ColorStatus] Enabling ColorStatus v0.1.1*
[20:38:03] [Server thread/INFO]: Running delayed init tasks
[20:38:08] [Server thread/INFO]: Loaded 7 recipes
[20:38:08] [Server thread/INFO]: Done (11.499s)! For help, type "help"
[20:38:08] [Server thread/WARN]: Can't keep up! Is the server overloaded? Running 5341ms or 106 ticks behind
[20:38:08] [Server thread/INFO]: Timings Reset
